# JRE version: OpenJDK Runtime Environment AdoptOpenJDK (15.0.2+7) (build 15.0.2+7)
# Java VM: OpenJDK 64-Bit Server VM AdoptOpenJDK (15.0.2+7, mixed mode, sharing, tiered, compressed oops, g1 gc, windows-amd64)
GC Precious Log:
 CPUs: 12 total, 12 available
 Memory: 16207M
 Large Page Support: Disabled
 NUMA Support: Disabled
 Compressed Oops: Enabled (Zero based)
 Heap Region Size: 2M
 Heap Min Capacity: 8M
 Heap Initial Capacity: 254M
 Heap Max Capacity: 4052M
 Pre-touch: Disabled
 Parallel Workers: 10
 Concurrent Workers: 3
 Concurrent Refinement Workers: 10
 Periodic GC: Disabled
Heap:
 garbage-first heap   total 260096K, used 20881K [0x0000000702c00000, 0x0000000800000000)
  region size 2048K, 7 young (14336K), 1 survivors (2048K)
 Metaspace       used 10085K, capacity 10283K, committed 10496K, reserved 1058816K
  class space    used 954K, capacity 1001K, committed 1024K, reserved 1048576K
GC Heap History (20 events):
Event: 1490.332 GC heap before
{Heap before GC invocations=205 (full 0):
 garbage-first heap   total 260096K, used 164241K [0x0000000702c00000, 0x0000000800000000)
  region size 2048K, 76 young (155648K), 1 survivors (2048K)
 Metaspace       used 10082K, capacity 10283K, committed 10496K, reserved 1058816K
  class space    used 953K, capacity 1001K, committed 1024K, reserved 1048576K
}
Event: 1490.333 GC heap after
{Heap after GC invocations=206 (full 0):
 garbage-first heap   total 260096K, used 10639K [0x0000000702c00000, 0x0000000800000000)
  region size 2048K, 1 young (2048K), 1 survivors (2048K)
 Metaspace       used 10082K, capacity 10283K, committed 10496K, reserved 1058816K
  class space    used 953K, capacity 1001K, committed 1024K, reserved 1048576K
}
Event: 1506.707 GC heap before
{Heap before GC invocations=206 (full 0):
 garbage-first heap   total 260096K, used 164239K [0x0000000702c00000, 0x0000000800000000)
  region size 2048K, 76 young (155648K), 1 survivors (2048K)
 Metaspace       used 10082K, capacity 10283K, committed 10496K, reserved 1058816K
  class space    used 953K, capacity 1001K, committed 1024K, reserved 1048576K
}
Event: 1506.708 GC heap after
{Heap after GC invocations=207 (full 0):
 garbage-first heap   total 260096K, used 10639K [0x0000000702c00000, 0x0000000800000000)
  region size 2048K, 1 young (2048K), 1 survivors (2048K)
 Metaspace       used 10082K, capacity 10283K, committed 10496K, reserved 1058816K
  class space    used 953K, capacity 1001K, committed 1024K, reserved 1048576K
}
Event: 1521.053 GC heap before
{Heap before GC invocations=207 (full 0):
 garbage-first heap   total 260096K, used 164239K [0x0000000702c00000, 0x0000000800000000)
  region size 2048K, 76 young (155648K), 1 survivors (2048K)
 Metaspace       used 10082K, capacity 10283K, committed 10496K, reserved 1058816K
  class space    used 953K, capacity 1001K, committed 1024K, reserved 1048576K
}
Event: 1521.055 GC heap after
{Heap after GC invocations=208 (full 0):
 garbage-first heap   total 260096K, used 10639K [0x0000000702c00000, 0x0000000800000000)
  region size 2048K, 1 young (2048K), 1 survivors (2048K)
 Metaspace       used 10082K, capacity 10283K, committed 10496K, reserved 1058816K
  class space    used 953K, capacity 1001K, committed 1024K, reserved 1048576K
}
Event: 1535.450 GC heap before
{Heap before GC invocations=208 (full 0):
 garbage-first heap   total 260096K, used 164239K [0x0000000702c00000, 0x0000000800000000)
  region size 2048K, 76 young (155648K), 1 survivors (2048K)
 Metaspace       used 10082K, capacity 10283K, committed 10496K, reserved 1058816K
  class space    used 953K, capacity 1001K, committed 1024K, reserved 1048576K
}
Event: 1535.452 GC heap after
{Heap after GC invocations=209 (full 0):
 garbage-first heap   total 260096K, used 10639K [0x0000000702c00000, 0x0000000800000000)
  region size 2048K, 1 young (2048K), 1 survivors (2048K)
 Metaspace       used 10082K, capacity 10283K, committed 10496K, reserved 1058816K
  class space    used 953K, capacity 1001K, committed 1024K, reserved 1048576K
}
Event: 1553.530 GC heap before
{Heap before GC invocations=209 (full 0):
 garbage-first heap   total 260096K, used 164239K [0x0000000702c00000, 0x0000000800000000)
  region size 2048K, 76 young (155648K), 1 survivors (2048K)
 Metaspace       used 10082K, capacity 10283K, committed 10496K, reserved 1058816K
  class space    used 953K, capacity 1001K, committed 1024K, reserved 1048576K
}
Event: 1553.532 GC heap after
{Heap after GC invocations=210 (full 0):
 garbage-first heap   total 260096K, used 10652K [0x0000000702c00000, 0x0000000800000000)
  region size 2048K, 1 young (2048K), 1 survivors (2048K)
 Metaspace       used 10082K, capacity 10283K, committed 10496K, reserved 1058816K
  class space    used 953K, capacity 1001K, committed 1024K, reserved 1048576K
}
Event: 1569.455 GC heap before
{Heap before GC invocations=210 (full 0):
 garbage-first heap   total 260096K, used 164252K [0x0000000702c00000, 0x0000000800000000)
  region size 2048K, 76 young (155648K), 1 survivors (2048K)
 Metaspace       used 10082K, capacity 10283K, committed 10496K, reserved 1058816K
  class space    used 953K, capacity 1001K, committed 1024K, reserved 1048576K
}
Event: 1569.457 GC heap after
{Heap after GC invocations=211 (full 0):
 garbage-first heap   total 260096K, used 10640K [0x0000000702c00000, 0x0000000800000000)
  region size 2048K, 1 young (2048K), 1 survivors (2048K)
 Metaspace       used 10082K, capacity 10283K, committed 10496K, reserved 1058816K
  class space    used 953K, capacity 1001K, committed 1024K, reserved 1048576K
}
Event: 1585.002 GC heap before
{Heap before GC invocations=211 (full 0):
 garbage-first heap   total 260096K, used 164240K [0x0000000702c00000, 0x0000000800000000)
  region size 2048K, 76 young (155648K), 1 survivors (2048K)
 Metaspace       used 10082K, capacity 10283K, committed 10496K, reserved 1058816K
  class space    used 953K, capacity 1001K, committed 1024K, reserved 1048576K
}
Event: 1585.003 GC heap after
{Heap after GC invocations=212 (full 0):
 garbage-first heap   total 260096K, used 10639K [0x0000000702c00000, 0x0000000800000000)
  region size 2048K, 1 young (2048K), 1 survivors (2048K)
 Metaspace       used 10082K, capacity 10283K, committed 10496K, reserved 1058816K
  class space    used 953K, capacity 1001K, committed 1024K, reserved 1048576K
}
Event: 1601.057 GC heap before
{Heap before GC invocations=212 (full 0):
 garbage-first heap   total 260096K, used 164239K [0x0000000702c00000, 0x0000000800000000)
  region size 2048K, 76 young (155648K), 1 survivors (2048K)
 Metaspace       used 10082K, capacity 10283K, committed 10496K, reserved 1058816K
  class space    used 953K, capacity 1001K, committed 1024K, reserved 1048576K
}
Event: 1601.059 GC heap after
{Heap after GC invocations=213 (full 0):
 garbage-first heap   total 260096K, used 10641K [0x0000000702c00000, 0x0000000800000000)
  region size 2048K, 1 young (2048K), 1 survivors (2048K)
 Metaspace       used 10082K, capacity 10283K, committed 10496K, reserved 1058816K
  class space    used 953K, capacity 1001K, committed 1024K, reserved 1048576K
}
Event: 1616.490 GC heap before
{Heap before GC invocations=213 (full 0):
 garbage-first heap   total 260096K, used 164241K [0x0000000702c00000, 0x0000000800000000)
  region size 2048K, 76 young (155648K), 1 survivors (2048K)
 Metaspace       used 10082K, capacity 10283K, committed 10496K, reserved 1058816K
  class space    used 953K, capacity 1001K, committed 1024K, reserved 1048576K
}
Event: 1616.492 GC heap after
{Heap after GC invocations=214 (full 0):
 garbage-first heap   total 260096K, used 10639K [0x0000000702c00000, 0x0000000800000000)
  region size 2048K, 1 young (2048K), 1 survivors (2048K)
 Metaspace       used 10082K, capacity 10283K, committed 10496K, reserved 1058816K
  class space    used 953K, capacity 1001K, committed 1024K, reserved 1048576K
}
Event: 1633.522 GC heap before
{Heap before GC invocations=214 (full 0):
 garbage-first heap   total 260096K, used 164239K [0x0000000702c00000, 0x0000000800000000)
  region size 2048K, 76 young (155648K), 1 survivors (2048K)
 Metaspace       used 10082K, capacity 10283K, committed 10496K, reserved 1058816K
  class space    used 953K, capacity 1001K, committed 1024K, reserved 1048576K
}
Event: 1633.523 GC heap after
{Heap after GC invocations=215 (full 0):
 garbage-first heap   total 260096K, used 10641K [0x0000000702c00000, 0x0000000800000000)
  region size 2048K, 1 young (2048K), 1 survivors (2048K)
 Metaspace       used 10082K, capacity 10283K, committed 10496K, reserved 1058816K
  class space    used 953K, capacity 1001K, committed 1024K, reserved 1048576K
}

